{"level":"info","time":"2026-01-28T16:16:27.076+0800","caller":"core/server.go:30","msg":"Logger initialized"}
{"level":"info","time":"2026-01-28T16:17:15.989+0800","caller":"core/server.go:30","msg":"Logger initialized"}
{"level":"info","time":"2026-01-28T16:50:19.297+0800","caller":"logger/zap.go:117","msg":"Logger initialized"}
{"level":"info","time":"2026-01-28T16:53:53.281+0800","caller":"logger/zap.go:117","msg":"Logger initialized"}
{"level":"info","time":"2026-01-28T19:31:14.825+0800","caller":"logger/zap.go:120","msg":"✅日志初始化完成"}
{"level":"info","time":"2026-01-28T19:31:14.969+0800","caller":"logger/zap.go:120","msg":"✅数据库已连接"}
{"level":"info","time":"2026-01-28T19:31:14.969+0800","caller":"logger/zap.go:120","msg":"✅数据库迁移完成"}
{"level":"info","time":"2026-01-29T10:29:01.162+0800","caller":"logger/zap.go:120","msg":"✅日志初始化完成"}
{"level":"info","time":"2026-01-29T10:37:24.531+0800","caller":"logger/zap.go:120","msg":"✅日志初始化完成"}
{"level":"info","time":"2026-01-29T10:37:24.556+0800","caller":"logger/zap.go:120","msg":"✅数据库已连接"}
{"level":"info","time":"2026-01-29T10:37:24.556+0800","caller":"logger/zap.go:120","msg":"✅数据库迁移完成"}
{"level":"info","time":"2026-01-29T10:37:24.561+0800","caller":"logger/zap.go:120","msg":"初始化默认数据..."}
{"level":"info","time":"2026-01-29T10:37:24.580+0800","caller":"logger/zap.go:120","msg":"✅默认数据初始化完成"}
{"level":"info","time":"2026-01-29T10:40:40.090+0800","caller":"logger/zap.go:120","msg":"✅日志初始化完成"}
{"level":"info","time":"2026-01-29T10:40:40.100+0800","caller":"logger/zap.go:120","msg":"✅数据库已连接"}
{"level":"info","time":"2026-01-29T10:40:40.387+0800","caller":"logger/zap.go:120","msg":"✅数据库迁移完成"}
{"level":"info","time":"2026-01-29T10:40:40.389+0800","caller":"logger/zap.go:120","msg":"初始化默认数据..."}
{"level":"info","time":"2026-01-29T10:40:40.553+0800","caller":"logger/zap.go:120","msg":"✅默认数据初始化完成"}
{"level":"info","time":"2026-02-06T22:25:30.644+0800","caller":"logger/zap.go:120","msg":"✅日志初始化完成"}
{"level":"info","time":"2026-02-06T22:25:30.762+0800","caller":"logger/zap.go:120","msg":"✅数据库已连接"}
{"level":"info","time":"2026-02-06T22:25:30.877+0800","caller":"logger/zap.go:120","msg":"✅数据库迁移完成"}
{"level":"info","time":"2026-02-06T22:52:18.968+0800","caller":"middleware/logger.go:39","msg":"| 404 |       5.542µs |             ::1 | POST    /api/v1/auth/register"}
{"level":"info","time":"2026-02-06T22:52:27.379+0800","caller":"middleware/logger.go:39","msg":"| 404 |       2.708µs |             ::1 | POST    /api/v1/auth/register"}
{"level":"info","time":"2026-02-06T22:53:25.074+0800","caller":"middleware/logger.go:39","msg":"| 404 |        3.25µs |             ::1 | POST    /api/v1/auth/register"}
{"level":"info","time":"2026-02-06T22:53:25.957+0800","caller":"middleware/logger.go:39","msg":"| 404 |       4.209µs |             ::1 | POST    /api/v1/auth/register"}
{"level":"info","time":"2026-02-06T22:54:51.105+0800","caller":"middleware/logger.go:39","msg":"| 404 |       3.125µs |             ::1 | POST    /api/v1/auth/register"}
{"level":"info","time":"2026-02-06T22:55:24.060+0800","caller":"logger/zap.go:120","msg":"✅日志初始化完成"}
{"level":"info","time":"2026-02-06T22:55:24.099+0800","caller":"logger/zap.go:120","msg":"✅数据库已连接"}
{"level":"info","time":"2026-02-06T22:55:24.159+0800","caller":"logger/zap.go:120","msg":"✅数据库迁移完成"}
{"level":"info","time":"2026-02-06T22:55:51.511+0800","caller":"middleware/logger.go:39","msg":"| 200 |     801.125µs |             ::1 | POST    /api/v1/auth/register"}
{"level":"info","time":"2026-02-06T22:57:52.077+0800","caller":"logger/zap.go:120","msg":"✅日志初始化完成"}
{"level":"info","time":"2026-02-06T22:57:52.105+0800","caller":"logger/zap.go:120","msg":"✅数据库已连接"}
{"level":"info","time":"2026-02-06T22:57:52.209+0800","caller":"logger/zap.go:120","msg":"✅数据库迁移完成"}
{"level":"info","time":"2026-02-06T22:57:52.381+0800","caller":"middleware/logger.go:39","msg":"| 200 |     846.625µs |             ::1 | POST    /api/v1/auth/register"}
{"level":"info","time":"2026-02-06T22:57:53.037+0800","caller":"middleware/logger.go:39","msg":"| 200 |      55.459µs |             ::1 | POST    /api/v1/auth/register"}
{"level":"info","time":"2026-02-06T22:57:53.207+0800","caller":"middleware/logger.go:39","msg":"| 200 |      55.916µs |             ::1 | POST    /api/v1/auth/register"}
{"level":"info","time":"2026-02-06T22:57:53.339+0800","caller":"middleware/logger.go:39","msg":"| 200 |      74.084µs |             ::1 | POST    /api/v1/auth/register"}
{"level":"info","time":"2026-02-06T22:57:53.439+0800","caller":"middleware/logger.go:39","msg":"| 200 |      58.417µs |             ::1 | POST    /api/v1/auth/register"}
{"level":"info","time":"2026-02-06T22:57:53.571+0800","caller":"middleware/logger.go:39","msg":"| 200 |      53.167µs |             ::1 | POST    /api/v1/auth/register"}
{"level":"info","time":"2026-02-06T22:58:20.172+0800","caller":"middleware/logger.go:39","msg":"| 200 |      89.583µs |             ::1 | POST    /api/v1/auth/register"}
{"level":"info","time":"2026-02-06T22:58:39.494+0800","caller":"logger/zap.go:120","msg":"✅日志初始化完成"}
{"level":"info","time":"2026-02-06T22:58:39.507+0800","caller":"logger/zap.go:120","msg":"✅数据库已连接"}
{"level":"info","time":"2026-02-06T22:58:39.574+0800","caller":"logger/zap.go:120","msg":"✅数据库迁移完成"}
{"level":"info","time":"2026-02-06T22:59:15.775+0800","caller":"middleware/logger.go:39","msg":"| 200 |     587.875µs |             ::1 | POST    /api/v1/auth/register"}
{"level":"info","time":"2026-02-06T22:59:32.137+0800","caller":"middleware/logger.go:39","msg":"| 200 |     100.625µs |             ::1 | POST    /api/v1/auth/register"}
{"level":"info","time":"2026-02-06T22:59:32.889+0800","caller":"middleware/logger.go:39","msg":"| 200 |      80.708µs |             ::1 | POST    /api/v1/auth/register"}
{"level":"info","time":"2026-02-06T23:02:10.834+0800","caller":"middleware/logger.go:39","msg":"| 200 | 2m31.995590875s |             ::1 | POST    /api/v1/auth/register"}
{"level":"info","time":"2026-02-06T23:02:27.511+0800","caller":"logger/zap.go:120","msg":"✅日志初始化完成"}
{"level":"info","time":"2026-02-06T23:02:27.536+0800","caller":"logger/zap.go:120","msg":"✅数据库已连接"}
{"level":"info","time":"2026-02-06T23:02:27.600+0800","caller":"logger/zap.go:120","msg":"✅数据库迁移完成"}
{"level":"info","time":"2026-02-06T23:18:09.729+0800","caller":"middleware/logger.go:39","msg":"| 200 | 9m8.99745825s |             ::1 | POST    /api/v1/auth/register"}
{"level":"info","time":"2026-02-06T23:28:04.427+0800","caller":"logger/zap.go:120","msg":"✅日志初始化完成"}
{"level":"info","time":"2026-02-06T23:28:04.456+0800","caller":"logger/zap.go:120","msg":"✅数据库已连接"}
{"level":"info","time":"2026-02-06T23:28:04.515+0800","caller":"logger/zap.go:120","msg":"✅数据库迁移完成"}
{"level":"info","time":"2026-02-06T23:28:14.504+0800","caller":"middleware/logger.go:39","msg":"| 200 |  8.747095958s |             ::1 | POST    /api/v1/auth/register"}
{"level":"info","time":"2026-02-06T23:30:28.530+0800","caller":"middleware/logger.go:39","msg":"| 200 |  5.440486083s |             ::1 | POST    /api/v1/auth/register"}
{"level":"info","time":"2026-02-06T23:35:19.445+0800","caller":"logger/zap.go:120","msg":"✅日志初始化完成"}
{"level":"info","time":"2026-02-06T23:35:19.470+0800","caller":"logger/zap.go:120","msg":"✅数据库已连接"}
{"level":"info","time":"2026-02-06T23:35:19.543+0800","caller":"logger/zap.go:120","msg":"✅数据库迁移完成"}
{"level":"info","time":"2026-02-06T23:36:18.508+0800","caller":"middleware/logger.go:39","msg":"| 200 | 57.312397417s |             ::1 | POST    /api/v1/auth/register"}
{"level":"info","time":"2026-02-07T09:31:41.065+0800","caller":"middleware/logger.go:39","msg":"| 200 |  9.590414167s |             ::1 | POST    /api/v1/auth/register"}
{"level":"info","time":"2026-02-07T09:31:51.740+0800","caller":"middleware/logger.go:39","msg":"| 404 |           3µs |             ::1 | GET     /api/v1/auth/register"}
{"level":"info","time":"2026-02-07T09:31:58.419+0800","caller":"middleware/logger.go:39","msg":"| 404 |       3.292µs |             ::1 | PUT     /api/v1/auth/register"}
{"level":"info","time":"2026-02-07T09:32:02.615+0800","caller":"middleware/logger.go:39","msg":"| 200 |  126.048208ms |             ::1 | POST    /api/v1/auth/register"}
{"level":"info","time":"2026-02-07T10:57:37.691+0800","caller":"middleware/logger.go:39","msg":"| 200 |      377.25µs |             ::1 | POST    /api/v1/auth/register"}
{"level":"info","time":"2026-02-09T12:27:07.167+0800","caller":"middleware/logger.go:39","msg":"| 200 |  158.240042ms |             ::1 | POST    /api/v1/auth/register"}
{"level":"info","time":"2026-02-09T12:27:10.473+0800","caller":"middleware/logger.go:39","msg":"| 200 |  118.442833ms |             ::1 | POST    /api/v1/auth/register"}
{"level":"info","time":"2026-02-09T12:38:03.130+0800","caller":"middleware/logger.go:39","msg":"| 200 |  160.112667ms |             ::1 | POST    /api/v1/auth/register"}
{"level":"info","time":"2026-02-09T12:38:15.903+0800","caller":"logger/zap.go:120","msg":"✅日志初始化完成"}
{"level":"info","time":"2026-02-09T12:38:15.916+0800","caller":"logger/zap.go:120","msg":"✅数据库已连接"}
{"level":"info","time":"2026-02-09T12:38:15.976+0800","caller":"logger/zap.go:120","msg":"✅数据库迁移完成"}
{"level":"info","time":"2026-02-09T19:07:27.467+0800","caller":"middleware/logger.go:39","msg":"| 200 |   35.995459ms |             ::1 | POST    /api/v1/auth/login"}
{"level":"info","time":"2026-02-09T19:10:59.637+0800","caller":"middleware/logger.go:39","msg":"| 200 | 2m15.945655375s |             ::1 | POST    /api/v1/auth/login"}
{"level":"info","time":"2026-02-09T19:11:25.617+0800","caller":"logger/zap.go:120","msg":"✅日志初始化完成"}
{"level":"info","time":"2026-02-09T19:11:25.638+0800","caller":"logger/zap.go:120","msg":"✅数据库已连接"}
{"level":"info","time":"2026-02-09T19:11:25.703+0800","caller":"logger/zap.go:120","msg":"✅数据库迁移完成"}
{"level":"info","time":"2026-02-09T19:11:52.882+0800","caller":"middleware/logger.go:39","msg":"| 200 |  118.697917ms |             ::1 | POST    /api/v1/auth/login"}
{"level":"info","time":"2026-02-09T19:20:14.372+0800","caller":"middleware/logger.go:39","msg":"| 200 | 2m43.770027209s |             ::1 | POST    /api/v1/auth/login"}
{"level":"info","time":"2026-02-09T19:22:06.122+0800","caller":"logger/zap.go:120","msg":"✅日志初始化完成"}
{"level":"info","time":"2026-02-09T19:22:06.146+0800","caller":"logger/zap.go:120","msg":"✅数据库已连接"}
{"level":"info","time":"2026-02-09T19:22:06.202+0800","caller":"logger/zap.go:120","msg":"✅数据库迁移完成"}
{"level":"info","time":"2026-02-09T19:22:35.014+0800","caller":"middleware/logger.go:39","msg":"| 200 |  4.091352792s |             ::1 | POST    /api/v1/auth/login"}
{"level":"info","time":"2026-02-09T19:32:45.479+0800","caller":"middleware/logger.go:39","msg":"| 200 |  160.751083ms |             ::1 | POST    /api/v1/auth/register"}
{"level":"info","time":"2026-02-09T19:32:58.497+0800","caller":"middleware/logger.go:39","msg":"| 200 |  123.777291ms |             ::1 | POST    /api/v1/auth/register"}
{"level":"info","time":"2026-02-09T19:33:02.704+0800","caller":"middleware/logger.go:39","msg":"| 200 |  124.685458ms |             ::1 | POST    /api/v1/auth/register"}
{"level":"info","time":"2026-02-09T19:33:09.787+0800","caller":"middleware/logger.go:39","msg":"| 200 |  121.029625ms |             ::1 | POST    /api/v1/auth/register"}
{"level":"info","time":"2026-02-09T19:35:20.000+0800","caller":"middleware/logger.go:39","msg":"| 200 | 1m34.662445459s |             ::1 | POST    /api/v1/auth/register"}
{"level":"info","time":"2026-02-09T19:36:39.446+0800","caller":"middleware/logger.go:39","msg":"| 200 | 1m19.446163917s |             ::1 | POST    /api/v1/auth/register"}
{"level":"info","time":"2026-02-09T19:36:48.233+0800","caller":"logger/zap.go:120","msg":"✅日志初始化完成"}
{"level":"info","time":"2026-02-09T19:36:48.246+0800","caller":"logger/zap.go:120","msg":"✅数据库已连接"}
{"level":"info","time":"2026-02-09T19:36:48.310+0800","caller":"logger/zap.go:120","msg":"✅数据库迁移完成"}
{"level":"info","time":"2026-02-10T10:42:43.396+0800","caller":"middleware/logger.go:39","msg":"| 200 |  5.209689042s |             ::1 | POST    /api/v1/auth/register"}
{"level":"info","time":"2026-02-10T11:22:47.374+0800","caller":"logger/zap.go:120","msg":"✅日志初始化完成"}
{"level":"info","time":"2026-02-10T11:22:47.399+0800","caller":"logger/zap.go:120","msg":"✅数据库已连接"}
{"level":"info","time":"2026-02-10T11:22:47.456+0800","caller":"logger/zap.go:120","msg":"✅数据库迁移完成"}
{"level":"info","time":"2026-02-10T11:22:59.327+0800","caller":"middleware/logger.go:39","msg":"| 200 |     6.370321s |             ::1 | POST    /api/v1/auth/register"}
{"level":"info","time":"2026-02-10T11:27:37.029+0800","caller":"middleware/logger.go:39","msg":"| 200 |   142.46475ms |             ::1 | POST    /api/v1/auth/login"}
{"level":"info","time":"2026-02-10T11:27:43.237+0800","caller":"middleware/logger.go:39","msg":"| 200 |  116.639666ms |             ::1 | POST    /api/v1/auth/login"}
{"level":"info","time":"2026-02-10T11:27:44.002+0800","caller":"middleware/logger.go:39","msg":"| 200 |  117.472166ms |             ::1 | POST    /api/v1/auth/login"}
{"level":"info","time":"2026-02-10T11:27:44.582+0800","caller":"middleware/logger.go:39","msg":"| 200 |   112.78775ms |             ::1 | POST    /api/v1/auth/login"}
{"level":"info","time":"2026-02-10T11:27:45.319+0800","caller":"middleware/logger.go:39","msg":"| 200 |  114.351625ms |             ::1 | POST    /api/v1/auth/login"}
{"level":"info","time":"2026-02-10T11:27:51.421+0800","caller":"middleware/logger.go:39","msg":"| 200 |  123.952375ms |             ::1 | POST    /api/v1/auth/register"}
{"level":"info","time":"2026-02-10T11:27:52.155+0800","caller":"middleware/logger.go:39","msg":"| 200 |  120.414958ms |             ::1 | POST    /api/v1/auth/register"}
{"level":"info","time":"2026-02-10T11:27:52.656+0800","caller":"middleware/logger.go:39","msg":"| 200 |  121.475125ms |             ::1 | POST    /api/v1/auth/register"}
{"level":"info","time":"2026-02-10T11:27:52.863+0800","caller":"middleware/logger.go:39","msg":"| 200 |      98.717ms |             ::1 | POST    /api/v1/auth/register"}
{"level":"info","time":"2026-02-10T11:27:53.100+0800","caller":"middleware/logger.go:39","msg":"| 200 |  112.275125ms |             ::1 | POST    /api/v1/auth/register"}
{"level":"info","time":"2026-02-10T11:27:53.328+0800","caller":"middleware/logger.go:39","msg":"| 200 |   99.391542ms |             ::1 | POST    /api/v1/auth/register"}
{"level":"info","time":"2026-02-10T11:28:02.425+0800","caller":"logger/zap.go:120","msg":"✅日志初始化完成"}
{"level":"info","time":"2026-02-10T11:28:02.441+0800","caller":"logger/zap.go:120","msg":"✅数据库已连接"}
{"level":"info","time":"2026-02-10T11:28:02.500+0800","caller":"logger/zap.go:120","msg":"✅数据库迁移完成"}
{"level":"info","time":"2026-02-10T11:28:03.215+0800","caller":"middleware/logger.go:39","msg":"| 200 |  126.872917ms |             ::1 | POST    /api/v1/auth/register"}
{"level":"info","time":"2026-02-10T11:28:09.971+0800","caller":"middleware/logger.go:39","msg":"| 200 |  120.700417ms |             ::1 | POST    /api/v1/auth/register"}
{"level":"info","time":"2026-02-10T11:28:10.553+0800","caller":"middleware/logger.go:39","msg":"| 200 |  118.282833ms |             ::1 | POST    /api/v1/auth/register"}
{"level":"info","time":"2026-02-10T11:28:10.714+0800","caller":"middleware/logger.go:39","msg":"| 200 |   93.472917ms |             ::1 | POST    /api/v1/auth/register"}
{"level":"info","time":"2026-02-10T11:28:10.909+0800","caller":"middleware/logger.go:39","msg":"| 200 |   93.631916ms |             ::1 | POST    /api/v1/auth/register"}
{"level":"info","time":"2026-02-10T11:28:11.130+0800","caller":"middleware/logger.go:39","msg":"| 200 |   98.478542ms |             ::1 | POST    /api/v1/auth/register"}
{"level":"info","time":"2026-02-10T11:28:11.260+0800","caller":"middleware/logger.go:39","msg":"| 200 |   81.527375ms |             ::1 | POST    /api/v1/auth/register"}
{"level":"info","time":"2026-02-10T11:28:11.503+0800","caller":"middleware/logger.go:39","msg":"| 200 |  104.874667ms |             ::1 | POST    /api/v1/auth/register"}
{"level":"info","time":"2026-02-10T11:28:11.668+0800","caller":"middleware/logger.go:39","msg":"| 200 |   85.032125ms |             ::1 | POST    /api/v1/auth/register"}
{"level":"info","time":"2026-02-10T11:28:31.478+0800","caller":"logger/zap.go:120","msg":"✅日志初始化完成"}
{"level":"info","time":"2026-02-10T11:28:31.492+0800","caller":"logger/zap.go:120","msg":"✅数据库已连接"}
{"level":"info","time":"2026-02-10T11:28:31.553+0800","caller":"logger/zap.go:120","msg":"✅数据库迁移完成"}
{"level":"info","time":"2026-02-10T11:28:33.794+0800","caller":"middleware/logger.go:39","msg":"| 200 |  126.260208ms |             ::1 | POST    /api/v1/auth/register"}
{"level":"info","time":"2026-02-10T11:28:49.270+0800","caller":"logger/zap.go:120","msg":"✅日志初始化完成"}
{"level":"info","time":"2026-02-10T11:28:49.280+0800","caller":"logger/zap.go:120","msg":"✅数据库已连接"}
{"level":"info","time":"2026-02-10T11:28:49.358+0800","caller":"logger/zap.go:120","msg":"✅数据库迁移完成"}
{"level":"info","time":"2026-02-10T11:28:50.141+0800","caller":"middleware/logger.go:39","msg":"| 200 |  124.483583ms |             ::1 | POST    /api/v1/auth/register"}
{"level":"info","time":"2026-02-10T11:28:51.991+0800","caller":"middleware/logger.go:39","msg":"| 200 |  123.859917ms |             ::1 | POST    /api/v1/auth/register"}
{"level":"info","time":"2026-02-10T11:29:06.770+0800","caller":"middleware/logger.go:39","msg":"| 200 |  149.250209ms |             ::1 | POST    /api/v1/auth/register"}
{"level":"info","time":"2026-02-10T11:29:17.291+0800","caller":"middleware/logger.go:39","msg":"| 200 |  137.640584ms |             ::1 | POST    /api/v1/auth/register"}
{"level":"info","time":"2026-02-10T11:31:38.339+0800","caller":"middleware/logger.go:39","msg":"| 200 |     136.514ms |             ::1 | POST    /api/v1/auth/register"}
{"level":"info","time":"2026-02-10T11:36:59.139+0800","caller":"middleware/logger.go:39","msg":"| 200 | 1m17.432510417s |             ::1 | POST    /api/v1/auth/register"}
{"level":"info","time":"2026-02-10T11:37:19.329+0800","caller":"middleware/logger.go:39","msg":"| 200 |      126.38ms |             ::1 | POST    /api/v1/auth/register"}
{"level":"info","time":"2026-02-10T11:37:26.369+0800","caller":"logger/zap.go:120","msg":"✅日志初始化完成"}
{"level":"info","time":"2026-02-10T11:37:26.381+0800","caller":"logger/zap.go:120","msg":"✅数据库已连接"}
{"level":"info","time":"2026-02-10T11:37:26.447+0800","caller":"logger/zap.go:120","msg":"✅数据库迁移完成"}
{"level":"info","time":"2026-02-10T11:42:06.896+0800","caller":"middleware/logger.go:39","msg":"| 200 |  151.683542ms |             ::1 | POST    /api/v1/auth/register"}
